Copyright 1986-2018 Xilinx, Inc. All Rights Reserved.
---------------------------------------------------------------------------------------------
| Tool Version : Vivado v.2018.3 (win64) Build 2405991 Thu Dec  6 23:38:27 MST 2018
| Date         : Mon Jun 16 23:41:08 2025
| Host         : DESKTOP-SFC8TB5 running 64-bit major release  (build 9200)
| Command      : report_control_sets -verbose -file design_1_wrapper_control_sets_placed.rpt
| Design       : design_1_wrapper
| Device       : xc7z020
---------------------------------------------------------------------------------------------

Control Set Information

Table of Contents
-----------------
1. Summary
2. Histogram
3. Flip-Flop Distribution
4. Detailed Control Set Information

1. Summary
----------

+----------------------------------------------------------+-------+
|                          Status                          | Count |
+----------------------------------------------------------+-------+
| Number of unique control sets                            |    94 |
| Unused register locations in slices containing registers |   213 |
+----------------------------------------------------------+-------+


2. Histogram
------------

+--------+--------------+
| Fanout | Control Sets |
+--------+--------------+
|      1 |            1 |
|      2 |            2 |
|      3 |            3 |
|      4 |            9 |
|      5 |            3 |
|      6 |            1 |
|      8 |           12 |
|     10 |            2 |
|     11 |            1 |
|     12 |            1 |
|     13 |            4 |
|     14 |            4 |
|     15 |            1 |
|    16+ |           50 |
+--------+--------------+


3. Flip-Flop Distribution
-------------------------

+--------------+-----------------------+------------------------+-----------------+--------------+
| Clock Enable | Synchronous Set/Reset | Asynchronous Set/Reset | Total Registers | Total Slices |
+--------------+-----------------------+------------------------+-----------------+--------------+
| No           | No                    | No                     |             883 |          205 |
| No           | No                    | Yes                    |               0 |            0 |
| No           | Yes                   | No                     |             293 |          115 |
| Yes          | No                    | No                     |             622 |          147 |
| Yes          | No                    | Yes                    |               0 |            0 |
| Yes          | Yes                   | No                     |            1149 |          318 |
+--------------+-----------------------+------------------------+-----------------+--------------+


4. Detailed Control Set Information
-----------------------------------

+-------------------------------------------------+-----------------------------------------------------------------------------------------------------------------------------------------------------------------------------------+-------------------------------------------------------------------------------------------------------------------------------------------------------------------------------+------------------+----------------+
|                   Clock Signal                  |                                                                                   Enable Signal                                                                                   |                                                                                Set/Reset Signal                                                                               | Slice Load Count | Bel Load Count |
+-------------------------------------------------+-----------------------------------------------------------------------------------------------------------------------------------------------------------------------------------+-------------------------------------------------------------------------------------------------------------------------------------------------------------------------------+------------------+----------------+
|  design_1_i/processing_system7_0/inst/FCLK_CLK0 | design_1_i/ps7_0_axi_periph/s00_couplers/auto_pc/inst/gen_axilite.gen_b2s_conv.axilite_b2s/WR.aw_channel_0/aw_cmd_fsm_0/E[0]                                                      | design_1_i/ps7_0_axi_periph/s00_couplers/auto_pc/inst/gen_axilite.gen_b2s_conv.axilite_b2s/WR.aw_channel_0/aw_cmd_fsm_0/state_reg[0]_1                                        |                1 |              1 |
|  design_1_i/processing_system7_0/inst/FCLK_CLK0 |                                                                                                                                                                                   | design_1_i/axi_fifo_mm_s_0/U0/COMP_IPIC2AXI_S/Axi_Str_TxC_AReset                                                                                                              |                2 |              2 |
|  design_1_i/processing_system7_0/inst/FCLK_CLK0 | design_1_i/ps7_0_axi_periph/s00_couplers/auto_pc/inst/gen_axilite.gen_b2s_conv.axilite_b2s/WR.b_channel_0/bid_fifo_0/sel                                                          |                                                                                                                                                                               |                1 |              2 |
|  design_1_i/processing_system7_0/inst/FCLK_CLK0 |                                                                                                                                                                                   | design_1_i/axi_fifo_mm_s_0/U0/COMP_IPIC2AXI_S/gtxd.COMP_TXD_FIFO/gfifo_gen.COMP_AXIS_FG_FIFO/COMP_FIFO/xpm_fifo_base_inst/xpm_fifo_rst_inst/rst_i                             |                1 |              3 |
|  design_1_i/processing_system7_0/inst/FCLK_CLK0 |                                                                                                                                                                                   | design_1_i/axi_fifo_mm_s_0/U0/COMP_IPIC2AXI_S/grxd.COMP_RX_FIFO/gfifo_gen.COMP_AXIS_FG_FIFO/COMP_FIFO/xpm_fifo_base_inst/xpm_fifo_rst_inst/rst_i                              |                1 |              3 |
|  design_1_i/processing_system7_0/inst/FCLK_CLK0 |                                                                                                                                                                                   | design_1_i/axi_fifo_mm_s_0/U0/COMP_IPIC2AXI_S/grxd.COMP_rx_len_fifo/xpm_fifo_base_inst/xpm_fifo_rst_inst/rst_i                                                                |                1 |              3 |
|  design_1_i/processing_system7_0/inst/FCLK_CLK0 | design_1_i/ps7_0_axi_periph/s00_couplers/auto_pc/inst/gen_axilite.gen_b2s_conv.axilite_b2s/RD.ar_channel_0/ar_cmd_fsm_0/m_valid_i_reg                                             | design_1_i/ps7_0_axi_periph/s00_couplers/auto_pc/inst/gen_axilite.gen_b2s_conv.axilite_b2s/RD.ar_channel_0/ar_cmd_fsm_0/FSM_sequential_state_reg[1]_0                         |                2 |              4 |
|  design_1_i/processing_system7_0/inst/FCLK_CLK0 |                                                                                                                                                                                   | design_1_i/i2s_receiver_0/inst/I2S_RX_V1_0_SYS_INST/iRst13_in                                                                                                                 |                1 |              4 |
|  design_1_i/processing_system7_0/inst/FCLK_CLK0 |                                                                                                                                                                                   | design_1_i/axi_fifo_mm_s_0/U0/COMP_IPIC2AXI_S/grxd.COMP_rx_len_fifo/xpm_fifo_base_inst/xpm_fifo_rst_inst/Q[0]                                                                 |                2 |              4 |
|  design_1_i/processing_system7_0/inst/FCLK_CLK0 |                                                                                                                                                                                   | design_1_i/ps7_0_axi_periph/s00_couplers/auto_pc/inst/gen_axilite.gen_b2s_conv.axilite_b2s/SI_REG/aw.aw_pipe/aresetn_d_reg[0]_0                                               |                2 |              4 |
|  design_1_i/processing_system7_0/inst/FCLK_CLK0 |                                                                                                                                                                                   | design_1_i/ps7_0_axi_periph/s00_couplers/auto_pc/inst/gen_axilite.gen_b2s_conv.axilite_b2s/SI_REG/ar.ar_pipe/aresetn_d_reg[1]_inv_0                                           |                2 |              4 |
|  design_1_i/processing_system7_0/inst/FCLK_CLK0 | design_1_i/i2s_receiver_0/inst/I2S_RX_V1_0_SYS_INST/I2S_RX_V1_0_AES_ENCODER_INST/rAudioFrameCount                                                                                 |                                                                                                                                                                               |                1 |              4 |
|  design_1_i/processing_system7_0/inst/FCLK_CLK0 | design_1_i/i2s_receiver_0/inst/I2S_RX_V1_0_SYS_INST/I2S_RX_V1_0_AES_ENCODER_INST/rAudioFrameCount                                                                                 | design_1_i/i2s_receiver_0/inst/I2S_RX_V1_0_SYS_INST/I2S_RX_V1_0_AES_ENCODER_INST/rAudioFrameCount[5]_i_1_n_0                                                                  |                2 |              4 |
|  design_1_i/processing_system7_0/inst/FCLK_CLK0 |                                                                                                                                                                                   | design_1_i/rst_ps7_0_50M/U0/EXT_LPF/lpf_int                                                                                                                                   |                1 |              4 |
|  design_1_i/processing_system7_0/inst/FCLK_CLK0 | design_1_i/i2s_receiver_0/inst/I2S_RX_V1_0_SYS_INST/I2S_RX_V1_0_AXI_INST/FSM_onehot_stmRead[3]_i_1_n_0                                                                            | design_1_i/i2s_receiver_0/inst/I2S_RX_V1_0_SYS_INST/I2S_RX_V1_0_AXI_INST/SR[0]                                                                                                |                1 |              4 |
|  design_1_i/processing_system7_0/inst/FCLK_CLK0 | design_1_i/axi_fifo_mm_s_0/U0/COMP_IPIF/I_SLAVE_ATTACHMENT/start2_i_1_n_0                                                                                                         | design_1_i/axi_fifo_mm_s_0/U0/COMP_IPIF/I_SLAVE_ATTACHMENT/rst                                                                                                                |                3 |              5 |
|  design_1_i/processing_system7_0/inst/FCLK_CLK0 | design_1_i/ps7_0_axi_periph/s00_couplers/auto_pc/inst/gen_axilite.gen_b2s_conv.axilite_b2s/RD.r_channel_0/transaction_fifo_0/cnt_read[4]_i_1_n_0                                  | design_1_i/ps7_0_axi_periph/s00_couplers/auto_pc/inst/gen_axilite.gen_b2s_conv.axilite_b2s/areset_d1                                                                          |                2 |              5 |
|  design_1_i/processing_system7_0/inst/FCLK_CLK0 | design_1_i/ps7_0_axi_periph/s00_couplers/auto_pc/inst/gen_axilite.gen_b2s_conv.axilite_b2s/RD.r_channel_0/rd_data_fifo_0/cnt_read[4]_i_1__0_n_0                                   | design_1_i/ps7_0_axi_periph/s00_couplers/auto_pc/inst/gen_axilite.gen_b2s_conv.axilite_b2s/areset_d1                                                                          |                1 |              5 |
|  design_1_i/processing_system7_0/inst/FCLK_CLK0 | design_1_i/rst_ps7_0_50M/U0/SEQ/seq_cnt_en                                                                                                                                        | design_1_i/rst_ps7_0_50M/U0/SEQ/SEQ_COUNTER/clear                                                                                                                             |                1 |              6 |
|  design_1_i/processing_system7_0/inst/FCLK_CLK0 | design_1_i/ps7_0_axi_periph/s00_couplers/auto_pc/inst/gen_axilite.gen_b2s_conv.axilite_b2s/RD.ar_channel_0/ar_cmd_fsm_0/sel_first_reg_1[0]                                        |                                                                                                                                                                               |                2 |              8 |
|  design_1_i/processing_system7_0/inst/FCLK_CLK0 |                                                                                                                                                                                   | design_1_i/axi_fifo_mm_s_0/U0/COMP_IPIF/I_SLAVE_ATTACHMENT/rst                                                                                                                |                5 |              8 |
|  design_1_i/processing_system7_0/inst/FCLK_CLK0 | design_1_i/i2s_receiver_0/inst/I2S_RX_V1_0_SYS_INST/I2S_RX_V1_0_AXI_INST/rWriteAddr                                                                                               | design_1_i/i2s_receiver_0/inst/I2S_RX_V1_0_SYS_INST/I2S_RX_V1_0_AXI_INST/SR[0]                                                                                                |                2 |              8 |
|  design_1_i/processing_system7_0/inst/FCLK_CLK0 | design_1_i/ps7_0_axi_periph/s00_couplers/auto_pc/inst/gen_axilite.gen_b2s_conv.axilite_b2s/WR.b_channel_0/mhandshake_r                                                            | design_1_i/ps7_0_axi_periph/s00_couplers/auto_pc/inst/gen_axilite.gen_b2s_conv.axilite_b2s/WR.b_channel_0/bid_fifo_0/SR[0]                                                    |                4 |              8 |
|  design_1_i/processing_system7_0/inst/FCLK_CLK0 |                                                                                                                                                                                   | design_1_i/i2s_receiver_0/inst/I2S_RX_V1_0_SYS_INST/I2S_RX_V1_0_AES_ENCODER_INST/iRst0                                                                                        |                4 |              8 |
|  design_1_i/processing_system7_0/inst/FCLK_CLK0 |                                                                                                                                                                                   | design_1_i/i2s_receiver_0/inst/I2S_RX_V1_0_SYS_INST/AXIS_FIFO_INST/xpm_fifo_async_inst/gnuram_async_fifo.xpm_fifo_base_inst/xpm_fifo_rst_inst/wrst_busy                       |                3 |              8 |
|  design_1_i/processing_system7_0/inst/FCLK_CLK0 |                                                                                                                                                                                   | design_1_i/i2s_receiver_0/inst/I2S_RX_V1_0_SYS_INST/I2S_RX_V1_0_TIMGEN_INST/rDivCounter[7]_i_1_n_0                                                                            |                2 |              8 |
|  design_1_i/processing_system7_0/inst/FCLK_CLK0 | design_1_i/i2s_receiver_0/inst/I2S_RX_V1_0_SYS_INST/I2S_RX_V1_0_AXI_INST/rSclkDiv[7]_i_1_n_0                                                                                      | design_1_i/i2s_receiver_0/inst/I2S_RX_V1_0_SYS_INST/I2S_RX_V1_0_AXI_INST/SR[0]                                                                                                |                2 |              8 |
|  design_1_i/processing_system7_0/inst/FCLK_CLK0 | design_1_i/ps7_0_axi_periph/s00_couplers/auto_pc/inst/gen_axilite.gen_b2s_conv.axilite_b2s/WR.aw_channel_0/aw_cmd_fsm_0/state_reg[0]_2[0]                                         |                                                                                                                                                                               |                2 |              8 |
|  design_1_i/processing_system7_0/inst/FCLK_CLK0 | design_1_i/ps7_0_axi_periph/s00_couplers/auto_pc/inst/gen_axilite.gen_b2s_conv.axilite_b2s/WR.aw_channel_0/cmd_translator_0/incr_cmd_0/axaddr_incr[11]_i_1_n_0                    |                                                                                                                                                                               |                3 |              8 |
|  design_1_i/processing_system7_0/inst/FCLK_CLK0 | design_1_i/i2s_receiver_0/inst/I2S_RX_V1_0_SYS_INST/I2S_RX_V1_0_AXI_INST/rReadAddr[7]_i_1_n_0                                                                                     | design_1_i/i2s_receiver_0/inst/I2S_RX_V1_0_SYS_INST/I2S_RX_V1_0_AXI_INST/SR[0]                                                                                                |                1 |              8 |
|  design_1_i/processing_system7_0/inst/FCLK_CLK0 | design_1_i/ps7_0_axi_periph/s00_couplers/auto_pc/inst/gen_axilite.gen_b2s_conv.axilite_b2s/RD.ar_channel_0/ar_cmd_fsm_0/E[0]                                                      |                                                                                                                                                                               |                5 |              8 |
|  design_1_i/processing_system7_0/inst/FCLK_CLK0 |                                                                                                                                                                                   | design_1_i/ps7_0_axi_periph/s00_couplers/auto_pc/inst/gen_axilite.gen_b2s_conv.axilite_b2s/areset_d1                                                                          |                3 |             10 |
|  design_1_i/processing_system7_0/inst/FCLK_CLK0 |                                                                                                                                                                                   | design_1_i/axi_fifo_mm_s_0/U0/COMP_IPIC2AXI_S/gtxd.COMP_TXD_FIFO/SR[0]                                                                                                        |                3 |             10 |
|  design_1_i/processing_system7_0/inst/FCLK_CLK0 |                                                                                                                                                                                   | design_1_i/ps7_0_axi_periph/xbar/inst/gen_sasd.crossbar_sasd_0/addr_arbiter_inst/SR[0]                                                                                        |                3 |             11 |
|  design_1_i/processing_system7_0/inst/FCLK_CLK0 |                                                                                                                                                                                   | design_1_i/i2s_receiver_0/inst/I2S_RX_V1_0_SYS_INST/AXIS_FIFO_INST/xpm_fifo_async_inst/gnuram_async_fifo.xpm_fifo_base_inst/xpm_fifo_rst_inst/gen_rst_ic.fifo_rd_rst_ic_reg_0 |                4 |             12 |
|  design_1_i/processing_system7_0/inst/FCLK_CLK0 | design_1_i/ps7_0_axi_periph/s00_couplers/auto_pc/inst/gen_axilite.gen_b2s_conv.axilite_b2s/RD.r_channel_0/r_push_r                                                                |                                                                                                                                                                               |                4 |             13 |
|  design_1_i/processing_system7_0/inst/FCLK_CLK0 | design_1_i/axi_fifo_mm_s_0/U0/COMP_IPIF/I_SLAVE_ATTACHMENT/I_DECODER/E[0]                                                                                                         | design_1_i/axi_fifo_mm_s_0/U0/COMP_IPIC2AXI_S/sig_Bus2IP_Reset                                                                                                                |                3 |             13 |
|  design_1_i/processing_system7_0/inst/FCLK_CLK0 | design_1_i/axi_fifo_mm_s_0/U0/COMP_IPIF/I_SLAVE_ATTACHMENT/start2_reg_0                                                                                                           | design_1_i/axi_fifo_mm_s_0/U0/COMP_IPIC2AXI_S/cs_ce_clr                                                                                                                       |                5 |             13 |
|  design_1_i/processing_system7_0/inst/FCLK_CLK0 |                                                                                                                                                                                   | design_1_i/i2s_receiver_0/inst/I2S_RX_V1_0_SYS_INST/I2S_RX_V1_0_TIMGEN_INST/iMRst0                                                                                            |                6 |             13 |
|  design_1_i/processing_system7_0/inst/FCLK_CLK0 | design_1_i/axi_fifo_mm_s_0/U0/COMP_IPIC2AXI_S/grxd.COMP_rx_len_fifo/xpm_fifo_base_inst/rdp_inst/enb                                                                               | design_1_i/axi_fifo_mm_s_0/U0/COMP_IPIC2AXI_S/grxd.COMP_rx_len_fifo/xpm_fifo_base_inst/xpm_fifo_rst_inst/Q[0]                                                                 |                5 |             14 |
|  design_1_i/processing_system7_0/inst/FCLK_CLK0 | design_1_i/ps7_0_axi_periph/s00_couplers/auto_pc/inst/gen_axilite.gen_b2s_conv.axilite_b2s/SI_REG/b.b_pipe/s_ready_i_reg_0                                                        |                                                                                                                                                                               |                5 |             14 |
|  design_1_i/processing_system7_0/inst/FCLK_CLK0 | design_1_i/ps7_0_axi_periph/s00_couplers/auto_pc/inst/gen_axilite.gen_b2s_conv.axilite_b2s/SI_REG/b.b_pipe/p_1_in                                                                 |                                                                                                                                                                               |                4 |             14 |
|  design_1_i/processing_system7_0/inst/FCLK_CLK0 | design_1_i/i2s_receiver_0/inst/I2S_RX_V1_0_SYS_INST/AXIS_FIFO_INST/xpm_fifo_async_inst/gnuram_async_fifo.xpm_fifo_base_inst/rdp_inst/E[0]                                         | design_1_i/i2s_receiver_0/inst/I2S_RX_V1_0_SYS_INST/AXIS_FIFO_INST/xpm_fifo_async_inst/gnuram_async_fifo.xpm_fifo_base_inst/xpm_fifo_rst_inst/gen_rst_ic.fifo_rd_rst_ic_reg_0 |                5 |             14 |
|  design_1_i/processing_system7_0/inst/FCLK_CLK0 | design_1_i/ps7_0_axi_periph/xbar/inst/gen_sasd.crossbar_sasd_0/reg_slice_r/aa_rready                                                                                              |                                                                                                                                                                               |                5 |             15 |
|  design_1_i/processing_system7_0/inst/FCLK_CLK0 | design_1_i/ps7_0_axi_periph/s00_couplers/auto_pc/inst/gen_axilite.gen_b2s_conv.axilite_b2s/WR.aw_channel_0/aw_cmd_fsm_0/b_push                                                    |                                                                                                                                                                               |                3 |             16 |
|  design_1_i/processing_system7_0/inst/FCLK_CLK0 | design_1_i/ps7_0_axi_periph/s00_couplers/auto_pc/inst/gen_axilite.gen_b2s_conv.axilite_b2s/RD.ar_channel_0/ar_cmd_fsm_0/m_valid_i_reg                                             |                                                                                                                                                                               |                7 |             16 |
|  design_1_i/processing_system7_0/inst/FCLK_CLK0 | design_1_i/i2s_receiver_0/inst/I2S_RX_V1_0_SYS_INST/I2S_RX_V1_0_TIMGEN_INST/rLRClkCounter[0]_i_2_n_0                                                                              | design_1_i/i2s_receiver_0/inst/I2S_RX_V1_0_SYS_INST/I2S_RX_V1_0_TIMGEN_INST/rLRClkCounter[0]_i_1_n_0                                                                          |                4 |             16 |
|  design_1_i/processing_system7_0/inst/FCLK_CLK0 | design_1_i/ps7_0_axi_periph/s00_couplers/auto_pc/inst/gen_axilite.gen_b2s_conv.axilite_b2s/WR.aw_channel_0/aw_cmd_fsm_0/E[0]                                                      |                                                                                                                                                                               |                6 |             19 |
|  design_1_i/processing_system7_0/inst/FCLK_CLK0 | design_1_i/axi_fifo_mm_s_0/U0/COMP_IPIC2AXI_S/gtxd.COMP_TXD_FIFO/gfifo_gen.COMP_AXIS_FG_FIFO/COMP_FIFO/xpm_fifo_base_inst/rdp_inst/FSM_sequential_gen_fwft.curr_fwft_state_reg[1] | design_1_i/axi_fifo_mm_s_0/U0/COMP_IPIC2AXI_S/gtxd.COMP_TXD_FIFO/gfifo_gen.COMP_AXIS_FG_FIFO/COMP_FIFO/xpm_fifo_base_inst/xpm_fifo_rst_inst/Q[0]                              |                5 |             19 |
|  design_1_i/processing_system7_0/inst/FCLK_CLK0 | design_1_i/axi_fifo_mm_s_0/U0/COMP_IPIC2AXI_S/grxd.COMP_RX_FIFO/gfifo_gen.COMP_AXIS_FG_FIFO/COMP_FIFO/xpm_fifo_base_inst/xpm_fifo_rst_inst/ram_wr_en_pf                           | design_1_i/axi_fifo_mm_s_0/U0/COMP_IPIC2AXI_S/grxd.COMP_RX_FIFO/gfifo_gen.COMP_AXIS_FG_FIFO/COMP_FIFO/xpm_fifo_base_inst/xpm_fifo_rst_inst/Q[0]                               |                6 |             19 |
|  design_1_i/processing_system7_0/inst/FCLK_CLK0 | design_1_i/axi_fifo_mm_s_0/U0/COMP_IPIC2AXI_S/grxd.COMP_RX_FIFO/gfifo_gen.COMP_AXIS_FG_FIFO/COMP_FIFO/xpm_fifo_base_inst/rdp_inst/FSM_sequential_gen_fwft.curr_fwft_state_reg[1]  | design_1_i/axi_fifo_mm_s_0/U0/COMP_IPIC2AXI_S/grxd.COMP_RX_FIFO/gfifo_gen.COMP_AXIS_FG_FIFO/COMP_FIFO/xpm_fifo_base_inst/xpm_fifo_rst_inst/Q[0]                               |                6 |             19 |
|  design_1_i/processing_system7_0/inst/FCLK_CLK0 | design_1_i/axi_fifo_mm_s_0/U0/COMP_IPIC2AXI_S/grxd.COMP_RX_FIFO/gfifo_gen.COMP_AXIS_FG_FIFO/E[0]                                                                                  | design_1_i/axi_fifo_mm_s_0/U0/COMP_IPIC2AXI_S/Axi_Str_TxC_AReset                                                                                                              |                6 |             20 |
|  design_1_i/processing_system7_0/inst/FCLK_CLK0 | design_1_i/i2s_receiver_0/inst/I2S_RX_V1_0_SYS_INST/AXIS_FIFO_INST/xpm_fifo_async_inst/gnuram_async_fifo.xpm_fifo_base_inst/xpm_fifo_rst_inst/wr_pntr_plus1_pf_carry              | design_1_i/i2s_receiver_0/inst/I2S_RX_V1_0_SYS_INST/AXIS_FIFO_INST/xpm_fifo_async_inst/gnuram_async_fifo.xpm_fifo_base_inst/xpm_fifo_rst_inst/wrst_busy                       |                6 |             21 |
|  design_1_i/processing_system7_0/inst/FCLK_CLK0 | design_1_i/axi_fifo_mm_s_0/U0/COMP_IPIC2AXI_S/grxd.COMP_rx_len_fifo/xpm_fifo_base_inst/gen_fwft.ram_regout_en                                                                     | design_1_i/axi_fifo_mm_s_0/U0/COMP_IPIC2AXI_S/grxd.COMP_rx_len_fifo/xpm_fifo_base_inst/xpm_fifo_rst_inst/Q[0]                                                                 |                6 |             22 |
|  design_1_i/processing_system7_0/inst/FCLK_CLK0 |                                                                                                                                                                                   | design_1_i/axi_fifo_mm_s_0/U0/COMP_IPIC2AXI_S/sig_Bus2IP_Reset                                                                                                                |               13 |             23 |
|  design_1_i/processing_system7_0/inst/FCLK_CLK0 | design_1_i/ps7_0_axi_periph/xbar/inst/gen_sasd.crossbar_sasd_0/addr_arbiter_inst/p_0_in1_in                                                                                       | design_1_i/ps7_0_axi_periph/xbar/inst/gen_sasd.crossbar_sasd_0/addr_arbiter_inst/SR[0]                                                                                        |                9 |             24 |
|  design_1_i/processing_system7_0/inst/FCLK_CLK0 | design_1_i/i2s_receiver_0/inst/I2S_RX_V1_0_SYS_INST/genblk3[0].I2S_RX_V1_0_SER_INST/rAudData[47]                                                                                  |                                                                                                                                                                               |                7 |             24 |
|  design_1_i/processing_system7_0/inst/FCLK_CLK0 | design_1_i/i2s_receiver_0/inst/I2S_RX_V1_0_SYS_INST/genblk3[0].I2S_RX_V1_0_SER_INST/rAudData[23]                                                                                  |                                                                                                                                                                               |                3 |             24 |
|  design_1_i/processing_system7_0/inst/FCLK_CLK0 | design_1_i/i2s_receiver_0/inst/I2S_RX_V1_0_SYS_INST/genblk3[0].I2S_RX_V1_0_SER_INST/syncstages_ff_reg[1][1]                                                                       | design_1_i/i2s_receiver_0/inst/I2S_RX_V1_0_SYS_INST/genblk3[0].I2S_RX_V1_0_SER_INST/syncstages_ff_reg[1][2]                                                                   |                5 |             24 |
|  design_1_i/processing_system7_0/inst/FCLK_CLK0 | design_1_i/i2s_receiver_0/inst/I2S_RX_V1_0_SYS_INST/genblk3[0].I2S_RX_V1_0_SER_INST/syncstages_ff_reg[1][1]                                                                       |                                                                                                                                                                               |                3 |             24 |
|  design_1_i/processing_system7_0/inst/FCLK_CLK0 | design_1_i/i2s_receiver_0/inst/I2S_RX_V1_0_SYS_INST/genblk3[0].I2S_RX_V1_0_SER_INST/mclk_nAudValid_0                                                                              | design_1_i/i2s_receiver_0/inst/I2S_RX_V1_0_SYS_INST/I2S_RX_V1_0_TIMGEN_INST/iMRst0                                                                                            |                6 |             24 |
|  design_1_i/processing_system7_0/inst/FCLK_CLK0 | design_1_i/i2s_receiver_0/inst/I2S_RX_V1_0_SYS_INST/AXIS_FIFO_INST/p_1_out[0]                                                                                                     | design_1_i/i2s_receiver_0/inst/I2S_RX_V1_0_SYS_INST/I2S_RX_V1_0_TIMGEN_INST/iMRst0                                                                                            |                8 |             24 |
|  design_1_i/processing_system7_0/inst/FCLK_CLK0 | design_1_i/i2s_receiver_0/inst/I2S_RX_V1_0_SYS_INST/I2S_RX_V1_0_AES_ENCODER_INST/rAudData_In                                                                                      |                                                                                                                                                                               |                6 |             25 |
|  design_1_i/processing_system7_0/inst/FCLK_CLK0 | design_1_i/axi_fifo_mm_s_0/U0/COMP_IPIC2AXI_S/gtxd.COMP_TXD_FIFO/gfifo_gen.COMP_AXIS_FG_FIFO/COMP_FIFO/xpm_fifo_base_inst/xpm_fifo_rst_inst/ram_wr_en_pf                          | design_1_i/axi_fifo_mm_s_0/U0/COMP_IPIC2AXI_S/gtxd.COMP_TXD_FIFO/gfifo_gen.COMP_AXIS_FG_FIFO/COMP_FIFO/xpm_fifo_base_inst/xpm_fifo_rst_inst/Q[0]                              |                8 |             28 |
|  design_1_i/processing_system7_0/inst/FCLK_CLK0 | design_1_i/i2s_receiver_0/inst/I2S_RX_V1_0_SYS_INST/I2S_RX_V1_0_AES_ENCODER_INST/rAudValid_Out04_out                                                                              |                                                                                                                                                                               |                6 |             29 |
|  design_1_i/processing_system7_0/inst/FCLK_CLK0 | design_1_i/axi_fifo_mm_s_0/U0/COMP_IPIC2AXI_S/txd_wr_en                                                                                                                           | design_1_i/axi_fifo_mm_s_0/U0/COMP_IPIC2AXI_S/gtxd.sig_txd_packet_size[0]_i_1_n_0                                                                                             |                8 |             31 |
|  design_1_i/processing_system7_0/inst/FCLK_CLK0 | design_1_i/i2s_receiver_0/inst/I2S_RX_V1_0_SYS_INST/I2S_RX_V1_0_AXI_INST/rAesChannelStatus[127]_i_1_n_0                                                                           | design_1_i/i2s_receiver_0/inst/I2S_RX_V1_0_SYS_INST/I2S_RX_V1_0_AXI_INST/SR[0]                                                                                                |               10 |             32 |
|  design_1_i/processing_system7_0/inst/FCLK_CLK0 | design_1_i/axi_fifo_mm_s_0/U0/COMP_IPIC2AXI_S/txd_wr_en                                                                                                                           | design_1_i/axi_fifo_mm_s_0/U0/COMP_IPIC2AXI_S/gtxd.COMP_TXD_FIFO/SR[0]                                                                                                        |                5 |             32 |
|  design_1_i/processing_system7_0/inst/FCLK_CLK0 | design_1_i/i2s_receiver_0/inst/I2S_RX_V1_0_SYS_INST/genblk3[0].I2S_RX_V1_0_SER_INST/rSDataIn                                                                                      |                                                                                                                                                                               |                6 |             32 |
|  design_1_i/processing_system7_0/inst/FCLK_CLK0 | design_1_i/i2s_receiver_0/inst/I2S_RX_V1_0_SYS_INST/I2S_RX_V1_0_AXI_INST/rAesChannelStatus[191]_i_1_n_0                                                                           | design_1_i/i2s_receiver_0/inst/I2S_RX_V1_0_SYS_INST/I2S_RX_V1_0_AXI_INST/SR[0]                                                                                                |               10 |             32 |
|  design_1_i/processing_system7_0/inst/FCLK_CLK0 | design_1_i/i2s_receiver_0/inst/I2S_RX_V1_0_SYS_INST/I2S_RX_V1_0_AXI_INST/rAesChannelStatus[159]_i_1_n_0                                                                           | design_1_i/i2s_receiver_0/inst/I2S_RX_V1_0_SYS_INST/I2S_RX_V1_0_AXI_INST/SR[0]                                                                                                |                9 |             32 |
|  design_1_i/processing_system7_0/inst/FCLK_CLK0 | design_1_i/i2s_receiver_0/inst/I2S_RX_V1_0_SYS_INST/I2S_RX_V1_0_AXI_INST/rAesChannelStatus[31]_i_1_n_0                                                                            | design_1_i/i2s_receiver_0/inst/I2S_RX_V1_0_SYS_INST/I2S_RX_V1_0_AXI_INST/SR[0]                                                                                                |                7 |             32 |
|  design_1_i/processing_system7_0/inst/FCLK_CLK0 | design_1_i/axi_fifo_mm_s_0/U0/COMP_IPIF/I_SLAVE_ATTACHMENT/I_DECODER/GEN_BKEND_CE_REGISTERS[5].ce_out_i_reg[5]_3[0]                                                               | design_1_i/axi_fifo_mm_s_0/U0/COMP_IPIC2AXI_S/sig_Bus2IP_Reset                                                                                                                |                5 |             32 |
|  design_1_i/processing_system7_0/inst/FCLK_CLK0 | design_1_i/axi_fifo_mm_s_0/U0/COMP_IPIC2AXI_S/gtxd.COMP_TXD_FIFO/gfifo_gen.COMP_AXIS_FG_FIFO/COMP_FIFO/gaxis_pkt_fifo_cc.axis_pkt_cnt[0]_i_1_n_0                                  | design_1_i/axi_fifo_mm_s_0/U0/COMP_IPIC2AXI_S/gtxd.COMP_TXD_FIFO/gfifo_gen.COMP_AXIS_FG_FIFO/COMP_FIFO/gaxis_rst_sync.xpm_cdc_sync_rst_inst/syncstages_ff[3]                  |                8 |             32 |
|  design_1_i/processing_system7_0/inst/FCLK_CLK0 | design_1_i/i2s_receiver_0/inst/I2S_RX_V1_0_SYS_INST/I2S_RX_V1_0_AXI_INST/rAesChannelStatus[63]_i_1_n_0                                                                            | design_1_i/i2s_receiver_0/inst/I2S_RX_V1_0_SYS_INST/I2S_RX_V1_0_AXI_INST/SR[0]                                                                                                |               12 |             32 |
|  design_1_i/processing_system7_0/inst/FCLK_CLK0 | design_1_i/i2s_receiver_0/inst/I2S_RX_V1_0_SYS_INST/I2S_RX_V1_0_AXI_INST/rAesChannelStatus[95]_i_1_n_0                                                                            | design_1_i/i2s_receiver_0/inst/I2S_RX_V1_0_SYS_INST/I2S_RX_V1_0_AXI_INST/SR[0]                                                                                                |               10 |             32 |
|  design_1_i/processing_system7_0/inst/FCLK_CLK0 | design_1_i/axi_fifo_mm_s_0/U0/COMP_IPIF/I_SLAVE_ATTACHMENT/s_axi_rresp_i                                                                                                          | design_1_i/axi_fifo_mm_s_0/U0/COMP_IPIF/I_SLAVE_ATTACHMENT/rst                                                                                                                |                6 |             33 |
|  design_1_i/processing_system7_0/inst/FCLK_CLK0 | design_1_i/i2s_receiver_0/inst/I2S_RX_V1_0_SYS_INST/I2S_RX_V1_0_AXI_INST/oAxi_RData[31]_i_1_n_0                                                                                   | design_1_i/i2s_receiver_0/inst/I2S_RX_V1_0_SYS_INST/I2S_RX_V1_0_AXI_INST/SR[0]                                                                                                |               12 |             33 |
|  design_1_i/processing_system7_0/inst/FCLK_CLK0 | design_1_i/ps7_0_axi_periph/s00_couplers/auto_pc/inst/gen_axilite.gen_b2s_conv.axilite_b2s/RD.r_channel_0/rd_data_fifo_0/wr_en0                                                   |                                                                                                                                                                               |                9 |             34 |
|  design_1_i/processing_system7_0/inst/FCLK_CLK0 | design_1_i/ps7_0_axi_periph/xbar/inst/gen_sasd.crossbar_sasd_0/addr_arbiter_inst/E[0]                                                                                             |                                                                                                                                                                               |                8 |             35 |
|  design_1_i/processing_system7_0/inst/FCLK_CLK0 |                                                                                                                                                                                   | design_1_i/i2s_receiver_0/inst/I2S_RX_V1_0_SYS_INST/I2S_RX_V1_0_AXI_INST/SR[0]                                                                                                |               13 |             35 |
|  design_1_i/processing_system7_0/inst/FCLK_CLK0 |                                                                                                                                                                                   | design_1_i/axi_fifo_mm_s_0/U0/COMP_IPIF/I_SLAVE_ATTACHMENT/I_DECODER/MEM_DECODE_GEN[0].cs_out_i_reg[0]_1                                                                      |               13 |             36 |
|  design_1_i/processing_system7_0/inst/FCLK_CLK0 |                                                                                                                                                                                   | design_1_i/axi_fifo_mm_s_0/U0/COMP_IPIC2AXI_S/grxd.COMP_RX_FIFO/gfifo_gen.COMP_AXIS_FG_FIFO/COMP_FIFO/xpm_fifo_base_inst/xpm_fifo_rst_inst/Q[0]                               |               14 |             40 |
|  design_1_i/processing_system7_0/inst/FCLK_CLK0 |                                                                                                                                                                                   | design_1_i/axi_fifo_mm_s_0/U0/COMP_IPIC2AXI_S/gtxd.COMP_TXD_FIFO/gfifo_gen.COMP_AXIS_FG_FIFO/COMP_FIFO/xpm_fifo_base_inst/xpm_fifo_rst_inst/Q[0]                              |               16 |             40 |
|  design_1_i/processing_system7_0/inst/FCLK_CLK0 | design_1_i/ps7_0_axi_periph/s00_couplers/auto_pc/inst/gen_axilite.gen_b2s_conv.axilite_b2s/WR.aw_channel_0/aw_cmd_fsm_0/m_valid_i_reg[0]                                          |                                                                                                                                                                               |               10 |             44 |
|  design_1_i/processing_system7_0/inst/FCLK_CLK0 | design_1_i/ps7_0_axi_periph/s00_couplers/auto_pc/inst/gen_axilite.gen_b2s_conv.axilite_b2s/SI_REG/aw.aw_pipe/s_ready_i_reg_0                                                      |                                                                                                                                                                               |               10 |             44 |
|  design_1_i/processing_system7_0/inst/FCLK_CLK0 | design_1_i/ps7_0_axi_periph/s00_couplers/auto_pc/inst/gen_axilite.gen_b2s_conv.axilite_b2s/RD.ar_channel_0/ar_cmd_fsm_0/m_valid_i_reg_0[0]                                        |                                                                                                                                                                               |                9 |             44 |
|  design_1_i/processing_system7_0/inst/FCLK_CLK0 | design_1_i/ps7_0_axi_periph/s00_couplers/auto_pc/inst/gen_axilite.gen_b2s_conv.axilite_b2s/SI_REG/ar.ar_pipe/s_ready_i_reg_0                                                      |                                                                                                                                                                               |               11 |             44 |
|  design_1_i/processing_system7_0/inst/FCLK_CLK0 | design_1_i/axi_fifo_mm_s_0/U0/COMP_IPIC2AXI_S/grxd.COMP_rx_len_fifo/xpm_fifo_base_inst/rdp_inst/enb                                                                               |                                                                                                                                                                               |               16 |             45 |
|  design_1_i/processing_system7_0/inst/FCLK_CLK0 | design_1_i/ps7_0_axi_periph/s00_couplers/auto_pc/inst/gen_axilite.gen_b2s_conv.axilite_b2s/SI_REG/r.r_pipe/s_ready_i_reg_0                                                        |                                                                                                                                                                               |                6 |             47 |
|  design_1_i/processing_system7_0/inst/FCLK_CLK0 | design_1_i/ps7_0_axi_periph/s00_couplers/auto_pc/inst/gen_axilite.gen_b2s_conv.axilite_b2s/SI_REG/r.r_pipe/p_1_in                                                                 |                                                                                                                                                                               |                6 |             47 |
|  design_1_i/processing_system7_0/inst/FCLK_CLK0 | design_1_i/i2s_receiver_0/inst/I2S_RX_V1_0_SYS_INST/CDC_AESCAPTCHSTS_INST/dest_pulse                                                                                              | design_1_i/i2s_receiver_0/inst/I2S_RX_V1_0_SYS_INST/I2S_RX_V1_0_AES_ENCODER_INST/iRst0                                                                                        |               54 |            192 |
|  design_1_i/processing_system7_0/inst/FCLK_CLK0 | design_1_i/i2s_receiver_0/inst/I2S_RX_V1_0_SYS_INST/I2S_RX_V1_0_AES_ENCODER_INST/rChannelStatusCapt                                                                               | design_1_i/i2s_receiver_0/inst/I2S_RX_V1_0_SYS_INST/I2S_RX_V1_0_AES_ENCODER_INST/iRst0                                                                                        |               47 |            192 |
|  design_1_i/processing_system7_0/inst/FCLK_CLK0 |                                                                                                                                                                                   |                                                                                                                                                                               |              221 |            944 |
+-------------------------------------------------+-----------------------------------------------------------------------------------------------------------------------------------------------------------------------------------+-------------------------------------------------------------------------------------------------------------------------------------------------------------------------------+------------------+----------------+


