23:47:21 **** Build of configuration Debug for project new_bsp_xllfifo_polling_example_1 ****
make pre-build main-build 
a9-linaro-pre-build-step
' '
'Building file: ../src/xllfifo_polling_example.c'
'Invoking: ARM v7 gcc compiler'
arm-none-eabi-gcc -Wall -O0 -g3 -c -fmessage-length=0 -MT"src/xllfifo_polling_example.o" -mcpu=cortex-a9 -mfpu=vfpv3 -mfloat-abi=hard -I../../new_bsp/ps7_cortexa9_0/include -MMD -MP -MF"src/xllfifo_polling_example.d" -MT"src/xllfifo_polling_example.o" -o "src/xllfifo_polling_example.o" "../src/xllfifo_polling_example.c"
'Finished building: ../src/xllfifo_polling_example.c'
' '
'Building target: new_bsp_xllfifo_polling_example_1.elf'
'Invoking: ARM v7 gcc linker'
arm-none-eabi-gcc -mcpu=cortex-a9 -mfpu=vfpv3 -mfloat-abi=hard -Wl,-build-id=none -specs=Xilinx.spec -Wl,-T -Wl,../src/lscript.ld -L../../new_bsp/ps7_cortexa9_0/lib -o "new_bsp_xllfifo_polling_example_1.elf"  ./src/xllfifo_polling_example.o   -Wl,--start-group,-lxil,-lgcc,-lc,--end-group
./src/xllfifo_polling_example.o: In function `XLlFifoPollingExample':
C:\Users\08220\Downloads\pro\final_project\final_project.sdk\new_bsp_xllfifo_polling_example_1\Debug/../src/xllfifo_polling_example.c:188: undefined reference to `XLlFfio_LookupConfig'
C:\Users\08220\Downloads\pro\final_project\final_project.sdk\new_bsp_xllfifo_polling_example_1\Debug/../src/xllfifo_polling_example.c:203: undefined reference to `XLlFifo_CfgInitialize'
./src/xllfifo_polling_example.o: In function `TxSend':
C:\Users\08220\Downloads\pro\final_project\final_project.sdk\new_bsp_xllfifo_polling_example_1\Debug/../src/xllfifo_polling_example.c:286: undefined reference to `XLlFifo_iTxVacancy'
C:\Users\08220\Downloads\pro\final_project\final_project.sdk\new_bsp_xllfifo_polling_example_1\Debug/../src/xllfifo_polling_example.c:287: undefined reference to `XLlFifo_TxPutWord'
C:\Users\08220\Downloads\pro\final_project\final_project.sdk\new_bsp_xllfifo_polling_example_1\Debug/../src/xllfifo_polling_example.c:295: undefined reference to `XLlFifo_iTxSetLen'
./src/xllfifo_polling_example.o: In function `RxReceive':
C:\Users\08220\Downloads\pro\final_project\final_project.sdk\new_bsp_xllfifo_polling_example_1\Debug/../src/xllfifo_polling_example.c:335: undefined reference to `XLlFifo_iRxGetLen'
C:\Users\08220\Downloads\pro\final_project\final_project.sdk\new_bsp_xllfifo_polling_example_1\Debug/../src/xllfifo_polling_example.c:337: undefined reference to `XLlFifo_RxGetWord'
C:\Users\08220\Downloads\pro\final_project\final_project.sdk\new_bsp_xllfifo_polling_example_1\Debug/../src/xllfifo_polling_example.c:333: undefined reference to `XLlFifo_iRxOccupancy'
collect2.exe: error: ld returned 1 exit status
make: *** [makefile:41: new_bsp_xllfifo_polling_example_1.elf] Error 1

23:47:21 Build Finished (took 551ms)

