#-----------------------------------------------------------
# Vivado v2018.3 (64-bit)
# SW Build 2405991 on Thu Dec  6 23:38:27 MST 2018
# IP Build 2404404 on Fri Dec  7 01:43:56 MST 2018
# Start of session at: Wed Jun 18 17:05:34 2025
# Process ID: 22568
# Current directory: C:/Users/ivan7/OneDrive/文件/GitHub/Final_report/Final_report/final_project_vivado/final_project
# Command line: vivado.exe -gui_launcher_event rodinguilauncherevent10320 C:\Users\ivan7\OneDrive\文件\GitHub\Final_report\Final_report\final_project_vivado\final_project\project_1.xpr
# Log file: C:/Users/ivan7/OneDrive/文件/GitHub/Final_report/Final_report/final_project_vivado/final_project/vivado.log
# Journal file: C:/Users/ivan7/OneDrive/文件/GitHub/Final_report/Final_report/final_project_vivado/final_project\vivado.jou
#-----------------------------------------------------------
start_gui
open_project C:/Users/ivan7/OneDrive/文件/GitHub/Final_report/Final_report/final_project_vivado/final_project/project_1.xpr
INFO: [ProjectBase 1-489] The host OS only allows 260 characters in a normal path. The project is stored in a path with more than 80 characters. If you experience issues with IP, Block Designs, or files not being found, please consider moving the project to a location with a shorter path. Alternately consider using the OS subst command to map part of the path to a drive letter.
Current project path is 'C:/Users/ivan7/OneDrive/文件/GitHub/Final_report/Final_report/final_project_vivado/final_project'
INFO: [Project 1-313] Project file moved from 'C:/Users/ivan7/Downloads/final/backup/project_1' since last save.
Scanning sources...
Finished scanning sources
INFO: [IP_Flow 19-234] Refreshing IP repositories
INFO: [IP_Flow 19-1704] No user IP repositories specified
INFO: [IP_Flow 19-2313] Loaded Vivado IP repository 'D:/Vivado/Vivado/2018.3/data/ip'.
update_compile_order -fileset sources_1
launch_sdk -workspace C:/Users/ivan7/OneDrive/文件/GitHub/Final_report/Final_report/final_project_vivado/final_project/project_1.sdk -hwspec C:/Users/ivan7/OneDrive/文件/GitHub/Final_report/Final_report/final_project_vivado/final_project/project_1.sdk/design_1_wrapper.hdf
INFO: [Vivado 12-393] Launching SDK...
INFO: [Vivado 12-417] Running xsdk -workspace C:/Users/ivan7/OneDrive/文件/GitHub/Final_report/Final_report/final_project_vivado/final_project/project_1.sdk -hwspec C:/Users/ivan7/OneDrive/文件/GitHub/Final_report/Final_report/final_project_vivado/final_project/project_1.sdk/design_1_wrapper.hdf
INFO: [Vivado 12-3157] SDK launch initiated. Please check console for any further messages.
open_bd_design {C:/Users/ivan7/OneDrive/文件/GitHub/Final_report/Final_report/final_project_vivado/final_project/project_1.srcs/sources_1/bd/design_1/design_1.bd}
Adding cell -- xilinx.com:ip:processing_system7:5.5 - processing_system7_0
Adding cell -- xilinx.com:ip:axi_uartlite:2.0 - axi_uartlite_0
Adding cell -- xilinx.com:ip:axi_interconnect:2.1 - ps7_0_axi_periph
Adding cell -- xilinx.com:ip:axi_protocol_converter:2.1 - auto_pc
Adding cell -- xilinx.com:ip:proc_sys_reset:5.0 - rst_ps7_0_50M
Successfully read diagram <design_1> from BD file <C:/Users/ivan7/OneDrive/文件/GitHub/Final_report/Final_report/final_project_vivado/final_project/project_1.srcs/sources_1/bd/design_1/design_1.bd>
launch_sdk -workspace C:/Users/ivan7/OneDrive/文件/GitHub/Final_report/Final_report/final_project_vivado/final_project/project_1.sdk -hwspec C:/Users/ivan7/OneDrive/文件/GitHub/Final_report/Final_report/final_project_vivado/final_project/project_1.sdk/design_1_wrapper.hdf
INFO: [Vivado 12-393] Launching SDK...
INFO: [Vivado 12-417] Running xsdk -workspace C:/Users/ivan7/OneDrive/文件/GitHub/Final_report/Final_report/final_project_vivado/final_project/project_1.sdk -hwspec C:/Users/ivan7/OneDrive/文件/GitHub/Final_report/Final_report/final_project_vivado/final_project/project_1.sdk/design_1_wrapper.hdf
INFO: [Vivado 12-3157] SDK launch initiated. Please check console for any further messages.
exit
INFO: [Common 17-206] Exiting Vivado at Wed Jun 18 18:27:25 2025...
