#-----------------------------------------------------------
# Vivado v2018.3 (64-bit)
# SW Build 2405991 on Thu Dec  6 23:38:27 MST 2018
# IP Build 2404404 on Fri Dec  7 01:43:56 MST 2018
# Start of session at: Wed Jun 18 15:44:46 2025
# Process ID: 23988
# Current directory: C:/Users/ivan7/OneDrive/文件/GitHub/Final_report/Final_report/backup/project_1
# Command line: vivado.exe -gui_launcher_event rodinguilauncherevent16212 C:\Users\ivan7\OneDrive\文件\GitHub\Final_report\Final_report\backup\project_1\project_1.xpr
# Log file: C:/Users/ivan7/OneDrive/文件/GitHub/Final_report/Final_report/backup/project_1/vivado.log
# Journal file: C:/Users/ivan7/OneDrive/文件/GitHub/Final_report/Final_report/backup/project_1\vivado.jou
#-----------------------------------------------------------
start_gui
open_project C:/Users/ivan7/OneDrive/文件/GitHub/Final_report/Final_report/backup/project_1/project_1.xpr
INFO: [Project 1-313] Project file moved from 'C:/Users/ivan7/Downloads/final/backup/project_1' since last save.
Scanning sources...
Finished scanning sources
INFO: [IP_Flow 19-234] Refreshing IP repositories
INFO: [IP_Flow 19-1704] No user IP repositories specified
INFO: [IP_Flow 19-2313] Loaded Vivado IP repository 'D:/Vivado/Vivado/2018.3/data/ip'.
open_project: Time (s): cpu = 00:00:12 ; elapsed = 00:00:05 . Memory (MB): peak = 775.730 ; gain = 149.457
update_compile_order -fileset sources_1
open_bd_design {C:/Users/ivan7/OneDrive/文件/GitHub/Final_report/Final_report/backup/project_1/project_1.srcs/sources_1/bd/design_1/design_1.bd}
Adding cell -- xilinx.com:ip:processing_system7:5.5 - processing_system7_0
Adding cell -- xilinx.com:ip:axi_uartlite:2.0 - axi_uartlite_0
Adding cell -- xilinx.com:ip:axi_interconnect:2.1 - ps7_0_axi_periph
Adding cell -- xilinx.com:ip:axi_protocol_converter:2.1 - auto_pc
Adding cell -- xilinx.com:ip:proc_sys_reset:5.0 - rst_ps7_0_50M
Successfully read diagram <design_1> from BD file <C:/Users/ivan7/OneDrive/文件/GitHub/Final_report/Final_report/backup/project_1/project_1.srcs/sources_1/bd/design_1/design_1.bd>
exit
INFO: [Common 17-206] Exiting Vivado at Wed Jun 18 16:36:47 2025...
