#-----------------------------------------------------------
# Vivado v2018.3 (64-bit)
# SW Build 2405991 on Thu Dec  6 23:38:27 MST 2018
# IP Build 2404404 on Fri Dec  7 01:43:56 MST 2018
# Start of session at: Wed Jun 18 19:03:19 2025
# Process ID: 15068
# Current directory: C:/Users/08220/Downloads/final pro/Final_report-main/final_project_vivado/final
# Command line: vivado.exe -gui_launcher_event rodinguilauncherevent168 C:\Users\08220\Downloads\final pro\Final_report-main\final_project_vivado\final\project_1.xpr
# Log file: C:/Users/08220/Downloads/final pro/Final_report-main/final_project_vivado/final/vivado.log
# Journal file: C:/Users/08220/Downloads/final pro/Final_report-main/final_project_vivado/final\vivado.jou
#-----------------------------------------------------------
start_gui
open_project {C:/Users/08220/Downloads/final pro/Final_report-main/final_project_vivado/final/project_1.xpr}
INFO: [Project 1-313] Project file moved from 'C:/Users/ivan7/Downloads/final/backup/project_1' since last save.
Scanning sources...
Finished scanning sources
INFO: [IP_Flow 19-234] Refreshing IP repositories
INFO: [IP_Flow 19-1704] No user IP repositories specified
INFO: [IP_Flow 19-2313] Loaded Vivado IP repository 'G:/Xilinx/Vivado/2018.3/data/ip'.
update_compile_order -fileset sources_1
INFO: [Vivado 12-4158] Exported Hardware file is out of date. Exported hardware information may be inconsistent with respect to the current state of the design. It is recommended that you re-export the design and launch SDK otherwise SDK is launched with out of date hardware system file.
launch_sdk -workspace {C:/Users/08220/Downloads/final pro/Final_report-main/final_project_vivado/final/project_1.sdk} -hwspec {C:/Users/08220/Downloads/final pro/Final_report-main/final_project_vivado/final/project_1.sdk/design_1_wrapper.hdf}
INFO: [Vivado 12-393] Launching SDK...
INFO: [Vivado 12-417] Running xsdk -workspace C:/Users/08220/Downloads/final pro/Final_report-main/final_project_vivado/final/project_1.sdk -hwspec C:/Users/08220/Downloads/final pro/Final_report-main/final_project_vivado/final/project_1.sdk/design_1_wrapper.hdf
INFO: [Vivado 12-3157] SDK launch initiated. Please check console for any further messages.
INFO: [Vivado 12-4158] Exported Hardware file is out of date. Exported hardware information may be inconsistent with respect to the current state of the design. It is recommended that you re-export the design and launch SDK otherwise SDK is launched with out of date hardware system file.
exit
INFO: [Common 17-206] Exiting Vivado at Wed Jun 18 19:05:25 2025...
