#-----------------------------------------------------------
# Vivado v2018.3 (64-bit)
# SW Build 2405991 on Thu Dec  6 23:38:27 MST 2018
# IP Build 2404404 on Fri Dec  7 01:43:56 MST 2018
# Start of session at: Thu Jun 19 15:54:41 2025
# Process ID: 15236
# Current directory: C:/Users/User/Downloads/619/final
# Command line: vivado.exe -gui_launcher_event rodinguilauncherevent15340 C:\Users\User\Downloads\619\final\project_1.xpr
# Log file: C:/Users/User/Downloads/619/final/vivado.log
# Journal file: C:/Users/User/Downloads/619/final\vivado.jou
#-----------------------------------------------------------
start_gui
open_project C:/Users/User/Downloads/619/final/project_1.xpr
INFO: [Project 1-313] Project file moved from 'C:/final' since last save.
Scanning sources...
Finished scanning sources
INFO: [IP_Flow 19-234] Refreshing IP repositories
INFO: [IP_Flow 19-1704] No user IP repositories specified
INFO: [IP_Flow 19-2313] Loaded Vivado IP repository 'D:/Vivado/Vivado/2018.3/data/ip'.
open_project: Time (s): cpu = 00:00:38 ; elapsed = 00:00:15 . Memory (MB): peak = 741.281 ; gain = 113.730
update_compile_order -fileset sources_1
launch_sdk -workspace C:/Users/User/Downloads/619/final/project_1.sdk -hwspec C:/Users/User/Downloads/619/final/project_1.sdk/design_1_wrapper.hdf
INFO: [Vivado 12-393] Launching SDK...
INFO: [Vivado 12-417] Running xsdk -workspace C:/Users/User/Downloads/619/final/project_1.sdk -hwspec C:/Users/User/Downloads/619/final/project_1.sdk/design_1_wrapper.hdf
INFO: [Vivado 12-3157] SDK launch initiated. Please check console for any further messages.
exit
INFO: [Common 17-206] Exiting Vivado at Thu Jun 19 15:56:21 2025...
